<?xml version="1.0" encoding="UTF-8"?>
<!-- Generated by org.testng.reporters.JUnitReportReporter -->
<testsuite hostname="cipher-NBD-WXX9" failures="0" tests="1" name="com.cube.AppTest" time="0.133" errors="0" timestamp="2024-08-17T02:09:17 SAST" skipped="0">
  <testcase classname="com.cube.AppTest" name="calculateFactorial" time="0.133"/>
</testsuite> <!-- com.cube.AppTest -->
